[    23.834] 
X.Org X Server 1.21.1.8
X Protocol Version 11, Revision 0
[    23.834] Current Operating System: Linux uwu 6.5.7-arch1-1 #1 SMP PREEMPT_DYNAMIC Tue, 10 Oct 2023 21:10:21 +0000 x86_64
[    23.834] Kernel command line: BOOT_IMAGE=/vmlinuz-linux root=UUID=261d03f2-7d8f-424a-8ba5-a48deb859660 rw loglevel=3 quiet
[    23.835]  
[    23.835] Current version of pixman: 0.42.2
[    23.835] 	Before reporting problems, check http://wiki.x.org
	to make sure that you have the latest version.
[    23.835] Markers: (--) probed, (**) from config file, (==) default setting,
	(++) from command line, (!!) notice, (II) informational,
	(WW) warning, (EE) error, (NI) not implemented, (??) unknown.
[    23.835] (==) Log file: "/home/owo/.local/share/xorg/Xorg.0.log", Time: Mon Oct 16 12:05:02 2023
[    23.903] (==) Using config directory: "/etc/X11/xorg.conf.d"
[    23.903] (==) Using system config directory "/usr/share/X11/xorg.conf.d"
[    23.923] (==) No Layout section.  Using the first Screen section.
[    23.923] (==) No screen section available. Using defaults.
[    23.923] (**) |-->Screen "Default Screen Section" (0)
[    23.923] (**) |   |-->Monitor "<default monitor>"
[    23.932] (==) No monitor specified for screen "Default Screen Section".
	Using a default monitor configuration.
[    23.933] (==) Automatically adding devices
[    23.933] (==) Automatically enabling devices
[    23.933] (==) Automatically adding GPU devices
[    23.933] (==) Automatically binding GPU devices
[    23.933] (==) Max clients allowed: 256, resource mask: 0x1fffff
[    23.961] (WW) The directory "/usr/share/fonts/misc" does not exist.
[    23.961] 	Entry deleted from font path.
[    23.970] (WW) `fonts.dir' not found (or not valid) in "/usr/share/fonts/TTF".
[    23.970] 	Entry deleted from font path.
[    23.970] 	(Run 'mkfontdir' on "/usr/share/fonts/TTF").
[    23.970] (WW) The directory "/usr/share/fonts/OTF" does not exist.
[    23.970] 	Entry deleted from font path.
[    23.970] (WW) The directory "/usr/share/fonts/Type1" does not exist.
[    23.970] 	Entry deleted from font path.
[    23.970] (WW) The directory "/usr/share/fonts/100dpi" does not exist.
[    23.970] 	Entry deleted from font path.
[    23.970] (WW) The directory "/usr/share/fonts/75dpi" does not exist.
[    23.970] 	Entry deleted from font path.
[    23.970] (==) FontPath set to:
	
[    23.970] (==) ModulePath set to "/usr/lib/xorg/modules"
[    23.970] (II) The server relies on udev to provide the list of input devices.
	If no devices become available, reconfigure udev or disable AutoAddDevices.
[    23.970] (II) Module ABI versions:
[    23.970] 	X.Org ANSI C Emulation: 0.4
[    23.970] 	X.Org Video Driver: 25.2
[    23.970] 	X.Org XInput driver : 24.4
[    23.970] 	X.Org Server Extension : 10.0
[    23.973] (++) using VT number 1

[    24.120] (II) systemd-logind: took control of session /org/freedesktop/login1/session/_31
[    24.122] (II) xfree86: Adding drm device (/dev/dri/card0)
[    24.122] (II) Platform probe for /sys/devices/pci0000:00/0000:00:02.0/drm/card0
[    24.125] (II) systemd-logind: got fd for /dev/dri/card0 226:0 fd 13 paused 0
[    24.135] (--) PCI:*(0@0:2:0) 80ee:beef:0000:0000 rev 0, Mem @ 0xe0000000/134217728, BIOS @ 0x????????/131072
[    24.135] (WW) Open ACPI failed (/var/run/acpid.socket) (No such file or directory)
[    24.135] (II) LoadModule: "glx"
[    24.154] (II) Loading /usr/lib/xorg/modules/extensions/libglx.so
[    24.224] (II) Module glx: vendor="X.Org Foundation"
[    24.224] 	compiled for 1.21.1.8, module version = 1.0.0
[    24.224] 	ABI class: X.Org Server Extension, version 10.0
[    24.224] (==) Matched vboxvideo as autoconfigured driver 0
[    24.224] (==) Matched modesetting as autoconfigured driver 1
[    24.224] (==) Matched fbdev as autoconfigured driver 2
[    24.224] (==) Matched vesa as autoconfigured driver 3
[    24.224] (==) Assigned the driver to the xf86ConfigLayout
[    24.224] (II) LoadModule: "vboxvideo"
[    24.224] (WW) Warning, couldn't open module vboxvideo
[    24.224] (EE) Failed to load module "vboxvideo" (module does not exist, 0)
[    24.225] (II) LoadModule: "modesetting"
[    24.225] (II) Loading /usr/lib/xorg/modules/drivers/modesetting_drv.so
[    24.258] (II) Module modesetting: vendor="X.Org Foundation"
[    24.258] 	compiled for 1.21.1.8, module version = 1.21.1
[    24.258] 	Module class: X.Org Video Driver
[    24.258] 	ABI class: X.Org Video Driver, version 25.2
[    24.258] (II) LoadModule: "fbdev"
[    24.258] (WW) Warning, couldn't open module fbdev
[    24.258] (EE) Failed to load module "fbdev" (module does not exist, 0)
[    24.258] (II) LoadModule: "vesa"
[    24.258] (WW) Warning, couldn't open module vesa
[    24.258] (EE) Failed to load module "vesa" (module does not exist, 0)
[    24.258] (II) modesetting: Driver for Modesetting Kernel Drivers: kms
[    24.258] (II) modeset(0): using drv /dev/dri/card0
[    24.258] (WW) VGA arbiter: cannot open kernel arbiter, no multi-card support
[    24.258] (II) modeset(0): Creating default Display subsection in Screen section
	"Default Screen Section" for depth/fbbpp 24/32
[    24.258] (==) modeset(0): Depth 24, (==) framebuffer bpp 32
[    24.259] (==) modeset(0): RGB weight 888
[    24.259] (==) modeset(0): Default visual is TrueColor
[    24.259] (II) Loading sub module "glamoregl"
[    24.259] (II) LoadModule: "glamoregl"
[    24.259] (II) Loading /usr/lib/xorg/modules/libglamoregl.so
[    24.296] (II) Module glamoregl: vendor="X.Org Foundation"
[    24.296] 	compiled for 1.21.1.8, module version = 1.0.1
[    24.297] 	ABI class: X.Org ANSI C Emulation, version 0.4
[    27.294] (II) modeset(0): Refusing to try glamor on llvmpipe
[    27.300] (II) modeset(0): glamor initialization failed
[    27.300] (II) modeset(0): ShadowFB: preferred NO, enabled NO
[    27.301] (II) modeset(0): Output VGA-1 has no monitor section
[    27.302] (II) modeset(0): EDID for output VGA-1
[    27.302] (II) modeset(0): Manufacturer: VBX  Model: 0  Serial#: 50332672
[    27.302] (II) modeset(0): Year: 1990  Week: 1
[    27.302] (II) modeset(0): EDID Version: 1.3
[    27.302] (II) modeset(0): Digital Display Input
[    27.302] (II) modeset(0): Indeterminate output size
[    27.302] (II) modeset(0): Gamma: 2.20
[    27.302] (II) modeset(0): DPMS capabilities: StandBy Suspend Off
[    27.302] (II) modeset(0): Supported color encodings: RGB 4:4:4 YCrCb 4:4:4 
[    27.302] (II) modeset(0): Default color space is primary color space
[    27.302] (II) modeset(0): First detailed timing is preferred mode
[    27.302] (II) modeset(0): redX: 0.640 redY: 0.330   greenX: 0.300 greenY: 0.600
[    27.302] (II) modeset(0): blueX: 0.150 blueY: 0.060   whiteX: 0.312 whiteY: 0.329
[    27.302] (II) modeset(0): Manufacturer's mask: 0
[    27.302] (II) modeset(0): Supported detailed timing:
[    27.302] (II) modeset(0): clock: 47.8 MHz   Image Size:  0 x 0 mm
[    27.302] (II) modeset(0): h_active: 1024  h_sync: 1026  h_sync_end 1028 h_blank_end 1030 h_border: 0
[    27.302] (II) modeset(0): v_active: 768  v_sync: 768  v_sync_end 802 v_blanking: 774 v_border: 0
[    27.302] (II) modeset(0): Ranges: V min: 0 V max: 200 Hz, H min: 0 H max: 200 kHz, PixClock max 1005 MHz
[    27.302] (II) modeset(0): Monitor name: VBOX monitor
[    27.303] (II) modeset(0): EDID (in hex):
[    27.303] (II) modeset(0): 	00ffffffffffff005858000000040003
[    27.303] (II) modeset(0): 	0100010380000078eeee91a3544c9926
[    27.303] (II) modeset(0): 	0f505400000001010101010101010101
[    27.303] (II) modeset(0): 	010101010101af120006400006300202
[    27.303] (II) modeset(0): 	0202000000000000000000fd0000c800
[    27.303] (II) modeset(0): 	c864000a202020202020000000fc0056
[    27.303] (II) modeset(0): 	424f58206d6f6e69746f720a00000010
[    27.303] (II) modeset(0): 	000a2020202020202020202020200019
[    27.303] (II) modeset(0): Printing probed modes for output VGA-1
[    27.303] (II) modeset(0): Modeline "1024x768"x59.9   63.53  1024 1072 1176 1328  768 771 775 798 -hsync +vsync (47.8 kHz P)
[    27.303] (II) modeset(0): Modeline "2560x1600"x60.0  348.50  2560 2752 3032 3504  1600 1603 1609 1658 -hsync +vsync (99.5 kHz e)
[    27.303] (II) modeset(0): Modeline "2560x1600"x60.0  268.50  2560 2608 2640 2720  1600 1603 1609 1646 +hsync -vsync (98.7 kHz e)
[    27.303] (II) modeset(0): Modeline "1920x1440"x60.0  234.00  1920 2048 2256 2600  1440 1441 1444 1500 -hsync +vsync (90.0 kHz e)
[    27.303] (II) modeset(0): Modeline "1856x1392"x60.0  218.25  1856 1952 2176 2528  1392 1393 1396 1439 -hsync +vsync (86.3 kHz e)
[    27.303] (II) modeset(0): Modeline "1792x1344"x60.0  204.75  1792 1920 2120 2448  1344 1345 1348 1394 -hsync +vsync (83.6 kHz e)
[    27.303] (II) modeset(0): Modeline "2048x1152"x60.0  162.00  2048 2074 2154 2250  1152 1153 1156 1200 +hsync +vsync (72.0 kHz e)
[    27.303] (II) modeset(0): Modeline "1920x1200"x59.9  193.25  1920 2056 2256 2592  1200 1203 1209 1245 -hsync +vsync (74.6 kHz e)
[    27.303] (II) modeset(0): Modeline "1920x1200"x60.0  154.00  1920 1968 2000 2080  1200 1203 1209 1235 +hsync -vsync (74.0 kHz e)
[    27.303] (II) modeset(0): Modeline "1920x1080"x60.0  148.50  1920 2008 2052 2200  1080 1084 1089 1125 -hsync -vsync (67.5 kHz e)
[    27.303] (II) modeset(0): Modeline "1600x1200"x60.0  162.00  1600 1664 1856 2160  1200 1201 1204 1250 +hsync +vsync (75.0 kHz e)
[    27.303] (II) modeset(0): Modeline "1680x1050"x60.0  146.25  1680 1784 1960 2240  1050 1053 1059 1089 -hsync +vsync (65.3 kHz e)
[    27.303] (II) modeset(0): Modeline "1680x1050"x59.9  119.00  1680 1728 1760 1840  1050 1053 1059 1080 +hsync -vsync (64.7 kHz e)
[    27.303] (II) modeset(0): Modeline "1400x1050"x60.0  121.75  1400 1488 1632 1864  1050 1053 1057 1089 -hsync +vsync (65.3 kHz e)
[    27.303] (II) modeset(0): Modeline "1400x1050"x59.9  101.00  1400 1448 1480 1560  1050 1053 1057 1080 +hsync -vsync (64.7 kHz e)
[    27.303] (II) modeset(0): Modeline "1600x900"x60.0  108.00  1600 1624 1704 1800  900 901 904 1000 +hsync +vsync (60.0 kHz e)
[    27.303] (II) modeset(0): Modeline "1280x1024"x60.0  108.00  1280 1328 1440 1688  1024 1025 1028 1066 +hsync +vsync (64.0 kHz e)
[    27.303] (II) modeset(0): Modeline "1440x900"x59.9  106.50  1440 1520 1672 1904  900 903 909 934 -hsync +vsync (55.9 kHz e)
[    27.303] (II) modeset(0): Modeline "1440x900"x59.9   88.75  1440 1488 1520 1600  900 903 909 926 +hsync -vsync (55.5 kHz e)
[    27.303] (II) modeset(0): Modeline "1280x960"x60.0  108.00  1280 1376 1488 1800  960 961 964 1000 +hsync +vsync (60.0 kHz e)
[    27.303] (II) modeset(0): Modeline "1366x768"x59.8   85.50  1366 1436 1579 1792  768 771 774 798 +hsync +vsync (47.7 kHz e)
[    27.303] (II) modeset(0): Modeline "1366x768"x60.0   72.00  1366 1380 1436 1500  768 769 772 800 +hsync +vsync (48.0 kHz e)
[    27.303] (II) modeset(0): Modeline "1360x768"x60.0   85.50  1360 1424 1536 1792  768 771 777 795 +hsync +vsync (47.7 kHz e)
[    27.303] (II) modeset(0): Modeline "1280x800"x59.8   83.50  1280 1352 1480 1680  800 803 809 831 -hsync +vsync (49.7 kHz e)
[    27.303] (II) modeset(0): Modeline "1280x800"x59.9   71.00  1280 1328 1360 1440  800 803 809 823 +hsync -vsync (49.3 kHz e)
[    27.303] (II) modeset(0): Modeline "1280x768"x59.9   79.50  1280 1344 1472 1664  768 771 778 798 -hsync +vsync (47.8 kHz e)
[    27.303] (II) modeset(0): Modeline "1280x768"x60.0   68.25  1280 1328 1360 1440  768 771 778 790 +hsync -vsync (47.4 kHz e)
[    27.303] (II) modeset(0): Modeline "1280x720"x60.0   74.25  1280 1390 1430 1650  720 725 730 750 +hsync +vsync (45.0 kHz e)
[    27.303] (II) modeset(0): Modeline "1024x768"x60.0   65.00  1024 1048 1184 1344  768 771 777 806 -hsync -vsync (48.4 kHz e)
[    27.303] (II) modeset(0): Modeline "800x600"x60.3   40.00  800 840 968 1056  600 601 605 628 +hsync +vsync (37.9 kHz e)
[    27.303] (II) modeset(0): Modeline "800x600"x56.2   36.00  800 824 896 1024  600 601 603 625 +hsync +vsync (35.2 kHz e)
[    27.303] (II) modeset(0): Modeline "848x480"x60.0   33.75  848 864 976 1088  480 486 494 517 +hsync +vsync (31.0 kHz e)
[    27.303] (II) modeset(0): Modeline "640x480"x59.9   25.18  640 656 752 800  480 490 492 525 -hsync -vsync (31.5 kHz e)
[    27.303] (II) modeset(0): Output VGA-1 connected
[    27.303] (II) modeset(0): Using exact sizes for initial modes
[    27.303] (II) modeset(0): Output VGA-1 using initial mode 1024x768 +0+0
[    27.303] (==) modeset(0): Using gamma correction (1.0, 1.0, 1.0)
[    27.303] (==) modeset(0): DPI set to (96, 96)
[    27.303] (II) Loading sub module "fb"
[    27.303] (II) LoadModule: "fb"
[    27.303] (II) Module "fb" already built-in
[    27.316] (==) modeset(0): Backing store enabled
[    27.316] (==) modeset(0): Silken mouse enabled
[    27.324] (II) modeset(0): Initializing kms color map for depth 24, 8 bpc.
[    27.324] (==) modeset(0): DPMS enabled
[    27.324] (II) Initializing extension Generic Event Extension
[    27.324] (II) Initializing extension SHAPE
[    27.324] (II) Initializing extension MIT-SHM
[    27.324] (II) Initializing extension XInputExtension
[    27.327] (II) Initializing extension XTEST
[    27.328] (II) Initializing extension BIG-REQUESTS
[    27.329] (II) Initializing extension SYNC
[    27.329] (II) Initializing extension XKEYBOARD
[    27.330] (II) Initializing extension XC-MISC
[    27.330] (II) Initializing extension SECURITY
[    27.332] (II) Initializing extension XFIXES
[    27.333] (II) Initializing extension RENDER
[    27.333] (II) Initializing extension RANDR
[    27.333] (II) Initializing extension COMPOSITE
[    27.333] (II) Initializing extension DAMAGE
[    27.334] (II) Initializing extension MIT-SCREEN-SAVER
[    27.334] (II) Initializing extension DOUBLE-BUFFER
[    27.334] (II) Initializing extension RECORD
[    27.334] (II) Initializing extension DPMS
[    27.334] (II) Initializing extension Present
[    27.334] (II) Initializing extension DRI3
[    27.334] (II) Initializing extension X-Resource
[    27.335] (II) Initializing extension XVideo
[    27.335] (II) Initializing extension XVideo-MotionCompensation
[    27.335] (II) Initializing extension GLX
[    27.335] (II) AIGLX: Screen 0 is not DRI2 capable
[    27.354] (II) IGLX: Loaded and initialized swrast
[    27.354] (II) GLX: Initialized DRISWRAST GL provider for screen 0
[    27.354] (II) Initializing extension XFree86-VidModeExtension
[    27.355] (II) Initializing extension XFree86-DGA
[    27.355] (II) Initializing extension XFree86-DRI
[    27.355] (II) Initializing extension DRI2
[    27.355] (II) modeset(0): Damage tracking initialized
[    27.355] (II) modeset(0): Setting screen physical size to 270 x 203
[    27.698] (II) config/udev: Adding input device Power Button (/dev/input/event0)
[    27.698] (**) Power Button: Applying InputClass "libinput keyboard catchall"
[    27.698] (II) LoadModule: "libinput"
[    27.698] (II) Loading /usr/lib/xorg/modules/input/libinput_drv.so
[    27.767] (II) Module libinput: vendor="X.Org Foundation"
[    27.767] 	compiled for 1.21.1.8, module version = 1.4.0
[    27.767] 	Module class: X.Org XInput Driver
[    27.767] 	ABI class: X.Org XInput driver, version 24.4
[    27.767] (II) Using input driver 'libinput' for 'Power Button'
[    27.769] (II) systemd-logind: got fd for /dev/input/event0 13:64 fd 21 paused 0
[    27.770] (**) Power Button: always reports core events
[    27.770] (**) Option "Device" "/dev/input/event0"
[    27.830] (II) event0  - Power Button: is tagged by udev as: Keyboard
[    27.831] (II) event0  - Power Button: device is a keyboard
[    27.831] (II) event0  - Power Button: device removed
[    27.831] (**) Option "config_info" "udev:/sys/devices/LNXSYSTM:00/LNXPWRBN:00/input/input0/event0"
[    27.831] (II) XINPUT: Adding extended input device "Power Button" (type: KEYBOARD, id 6)
[    27.833] (II) event0  - Power Button: is tagged by udev as: Keyboard
[    27.833] (II) event0  - Power Button: device is a keyboard
[    27.834] (II) config/udev: Adding input device Sleep Button (/dev/input/event1)
[    27.834] (**) Sleep Button: Applying InputClass "libinput keyboard catchall"
[    27.834] (II) Using input driver 'libinput' for 'Sleep Button'
[    27.836] (II) systemd-logind: got fd for /dev/input/event1 13:65 fd 24 paused 0
[    27.836] (**) Sleep Button: always reports core events
[    27.836] (**) Option "Device" "/dev/input/event1"
[    27.839] (II) event1  - Sleep Button: is tagged by udev as: Keyboard
[    27.839] (II) event1  - Sleep Button: device is a keyboard
[    27.839] (II) event1  - Sleep Button: device removed
[    27.839] (**) Option "config_info" "udev:/sys/devices/LNXSYSTM:00/LNXSLPBN:00/input/input1/event1"
[    27.839] (II) XINPUT: Adding extended input device "Sleep Button" (type: KEYBOARD, id 7)
[    27.841] (II) event1  - Sleep Button: is tagged by udev as: Keyboard
[    27.841] (II) event1  - Sleep Button: device is a keyboard
[    27.843] (II) config/udev: Adding input device Video Bus (/dev/input/event3)
[    27.843] (**) Video Bus: Applying InputClass "libinput keyboard catchall"
[    27.843] (II) Using input driver 'libinput' for 'Video Bus'
[    27.845] (II) systemd-logind: got fd for /dev/input/event3 13:67 fd 25 paused 0
[    27.845] (**) Video Bus: always reports core events
[    27.845] (**) Option "Device" "/dev/input/event3"
[    27.848] (II) event3  - Video Bus: is tagged by udev as: Keyboard
[    27.848] (II) event3  - Video Bus: device is a keyboard
[    27.848] (II) event3  - Video Bus: device removed
[    27.848] (**) Option "config_info" "udev:/sys/devices/LNXSYSTM:00/LNXSYBUS:00/PNP0A03:00/LNXVIDEO:00/input/input3/event3"
[    27.848] (II) XINPUT: Adding extended input device "Video Bus" (type: KEYBOARD, id 8)
[    27.851] (II) event3  - Video Bus: is tagged by udev as: Keyboard
[    27.851] (II) event3  - Video Bus: device is a keyboard
[    27.852] (II) config/udev: Adding input device VirtualBox mouse integration (/dev/input/event5)
[    27.852] (**) VirtualBox mouse integration: Applying InputClass "libinput pointer catchall"
[    27.852] (II) Using input driver 'libinput' for 'VirtualBox mouse integration'
[    27.855] (II) systemd-logind: got fd for /dev/input/event5 13:69 fd 26 paused 0
[    27.855] (**) VirtualBox mouse integration: always reports core events
[    27.855] (**) Option "Device" "/dev/input/event5"
[    27.857] (II) event5  - VirtualBox mouse integration: is tagged by udev as: Mouse
[    27.857] (II) event5  - VirtualBox mouse integration: device is a pointer
[    27.857] (II) event5  - VirtualBox mouse integration: device removed
[    27.857] (**) Option "config_info" "udev:/sys/devices/pci0000:00/0000:00:04.0/input/input6/event5"
[    27.857] (II) XINPUT: Adding extended input device "VirtualBox mouse integration" (type: MOUSE, id 9)
[    27.857] (**) Option "AccelerationScheme" "none"
[    27.858] (**) VirtualBox mouse integration: (accel) selected scheme none/0
[    27.858] (**) VirtualBox mouse integration: (accel) acceleration factor: 2.000
[    27.858] (**) VirtualBox mouse integration: (accel) acceleration threshold: 4
[    27.859] (II) event5  - VirtualBox mouse integration: is tagged by udev as: Mouse
[    27.860] (II) event5  - VirtualBox mouse integration: device is a pointer
[    27.863] (II) config/udev: Adding input device VirtualBox mouse integration (/dev/input/js1)
[    27.863] (II) No input driver specified, ignoring this device.
[    27.863] (II) This device may have been added with another device file.
[    27.864] (II) config/udev: Adding input device VirtualBox mouse integration (/dev/input/mouse1)
[    27.865] (II) No input driver specified, ignoring this device.
[    27.865] (II) This device may have been added with another device file.
[    27.866] (II) config/udev: Adding input device VirtualBox USB Tablet (/dev/input/event2)
[    27.866] (**) VirtualBox USB Tablet: Applying InputClass "libinput pointer catchall"
[    27.866] (II) Using input driver 'libinput' for 'VirtualBox USB Tablet'
[    27.927] (II) systemd-logind: got fd for /dev/input/event2 13:66 fd 27 paused 0
[    27.928] (**) VirtualBox USB Tablet: always reports core events
[    27.928] (**) Option "Device" "/dev/input/event2"
[    27.933] (II) event2  - VirtualBox USB Tablet: is tagged by udev as: Mouse
[    27.933] (II) event2  - VirtualBox USB Tablet: device is a pointer
[    27.934] (II) event2  - VirtualBox USB Tablet: device removed
[    27.934] (**) Option "config_info" "udev:/sys/devices/pci0000:00/0000:00:06.0/usb1/1-1/1-1:1.0/0003:80EE:0021.0001/input/input2/event2"
[    27.934] (II) XINPUT: Adding extended input device "VirtualBox USB Tablet" (type: MOUSE, id 10)
[    27.934] (**) Option "AccelerationScheme" "none"
[    27.934] (**) VirtualBox USB Tablet: (accel) selected scheme none/0
[    27.934] (**) VirtualBox USB Tablet: (accel) acceleration factor: 2.000
[    27.934] (**) VirtualBox USB Tablet: (accel) acceleration threshold: 4
[    27.936] (II) event2  - VirtualBox USB Tablet: is tagged by udev as: Mouse
[    27.936] (II) event2  - VirtualBox USB Tablet: device is a pointer
[    27.938] (II) config/udev: Adding input device VirtualBox USB Tablet (/dev/input/js0)
[    27.938] (II) No input driver specified, ignoring this device.
[    27.938] (II) This device may have been added with another device file.
[    27.939] (II) config/udev: Adding input device VirtualBox USB Tablet (/dev/input/mouse0)
[    27.939] (II) No input driver specified, ignoring this device.
[    27.939] (II) This device may have been added with another device file.
[    27.940] (II) config/udev: Adding input device AT Translated Set 2 keyboard (/dev/input/event4)
[    27.940] (**) AT Translated Set 2 keyboard: Applying InputClass "libinput keyboard catchall"
[    27.940] (II) Using input driver 'libinput' for 'AT Translated Set 2 keyboard'
[    27.942] (II) systemd-logind: got fd for /dev/input/event4 13:68 fd 28 paused 0
[    27.942] (**) AT Translated Set 2 keyboard: always reports core events
[    27.942] (**) Option "Device" "/dev/input/event4"
[    27.944] (II) event4  - AT Translated Set 2 keyboard: is tagged by udev as: Keyboard
[    27.945] (II) event4  - AT Translated Set 2 keyboard: device is a keyboard
[    27.946] (II) event4  - AT Translated Set 2 keyboard: device removed
[    27.946] (**) Option "config_info" "udev:/sys/devices/platform/i8042/serio0/input/input4/event4"
[    27.946] (II) XINPUT: Adding extended input device "AT Translated Set 2 keyboard" (type: KEYBOARD, id 11)
[    27.949] (II) event4  - AT Translated Set 2 keyboard: is tagged by udev as: Keyboard
[    27.949] (II) event4  - AT Translated Set 2 keyboard: device is a keyboard
[    27.952] (II) config/udev: Adding input device ImExPS/2 Generic Explorer Mouse (/dev/input/event6)
[    27.952] (**) ImExPS/2 Generic Explorer Mouse: Applying InputClass "libinput pointer catchall"
[    27.952] (II) Using input driver 'libinput' for 'ImExPS/2 Generic Explorer Mouse'
[    27.954] (II) systemd-logind: got fd for /dev/input/event6 13:70 fd 29 paused 0
[    27.954] (**) ImExPS/2 Generic Explorer Mouse: always reports core events
[    27.954] (**) Option "Device" "/dev/input/event6"
[    27.959] (II) event6  - ImExPS/2 Generic Explorer Mouse: is tagged by udev as: Mouse
[    27.959] (II) event6  - ImExPS/2 Generic Explorer Mouse: device is a pointer
[    27.960] (II) event6  - ImExPS/2 Generic Explorer Mouse: device removed
[    27.960] (II) libinput: ImExPS/2 Generic Explorer Mouse: Step value 0 was provided, libinput Fallback acceleration function is used.
[    27.960] (II) libinput: ImExPS/2 Generic Explorer Mouse: Step value 0 was provided, libinput Fallback acceleration function is used.
[    27.960] (II) libinput: ImExPS/2 Generic Explorer Mouse: Step value 0 was provided, libinput Fallback acceleration function is used.
[    27.960] (**) Option "config_info" "udev:/sys/devices/platform/i8042/serio1/input/input7/event6"
[    27.960] (II) XINPUT: Adding extended input device "ImExPS/2 Generic Explorer Mouse" (type: MOUSE, id 12)
[    27.961] (**) Option "AccelerationScheme" "none"
[    27.961] (**) ImExPS/2 Generic Explorer Mouse: (accel) selected scheme none/0
[    27.961] (**) ImExPS/2 Generic Explorer Mouse: (accel) acceleration factor: 2.000
[    27.961] (**) ImExPS/2 Generic Explorer Mouse: (accel) acceleration threshold: 4
[    27.964] (II) event6  - ImExPS/2 Generic Explorer Mouse: is tagged by udev as: Mouse
[    27.964] (II) event6  - ImExPS/2 Generic Explorer Mouse: device is a pointer
[    27.982] (II) config/udev: Adding input device ImExPS/2 Generic Explorer Mouse (/dev/input/mouse2)
[    27.982] (II) No input driver specified, ignoring this device.
[    27.982] (II) This device may have been added with another device file.
[    28.869] (II) modeset(0): EDID vendor "VBX", prod id 0
[    28.869] (II) modeset(0): DDCModeFromDetailedTiming: 1024x768 Warning: We only handle separate sync.
[    28.869] (II) modeset(0): Using EDID range info for horizontal sync
[    28.869] (II) modeset(0): Using EDID range info for vertical refresh
[   310.285] (II) modeset(0): EDID vendor "VBX", prod id 0
[   310.285] (II) modeset(0): DDCModeFromDetailedTiming: 1920x955 Warning: We only handle separate sync.
[   310.285] (II) modeset(0): Using hsync ranges from config file
[   310.285] (II) modeset(0): Using vrefresh ranges from config file
[   311.723] (II) modeset(0): EDID vendor "VBX", prod id 0
[   311.723] (II) modeset(0): DDCModeFromDetailedTiming: 1920x1080 Warning: We only handle separate sync.
[   311.723] (II) modeset(0): Using hsync ranges from config file
[   311.723] (II) modeset(0): Using vrefresh ranges from config file
[   364.098] (II) modeset(0): EDID vendor "VBX", prod id 0
[   364.098] (II) modeset(0): DDCModeFromDetailedTiming: 1920x955 Warning: We only handle separate sync.
[   364.098] (II) modeset(0): Using hsync ranges from config file
[   364.098] (II) modeset(0): Using vrefresh ranges from config file
[  4035.181] (II) event2  - VirtualBox USB Tablet: device removed
[  4035.291] (II) config/udev: removing device VirtualBox USB Tablet
[  4035.291] (**) Option "fd" "27"
[  4035.291] (II) UnloadModule: "libinput"
[  4035.291] (II) systemd-logind: releasing fd for 13:66
